<?xml version="1.0" encoding="UTF-8"?>
<!-- Generated by org.testng.reporters.JUnitReportReporter -->
<testsuite skipped="0" hostname="ATMECSINLT-087" name="com.atmecs.konakartautomation.testscripts.Scenario2" tests="1" failures="0" timestamp="04 Oct 2019 12:15:19 GMT" time="5.735" errors="0">
  <testcase name="heroImg" time="5.735" classname="com.atmecs.konakartautomation.testscripts.Scenario2"/>
</testsuite> <!-- com.atmecs.konakartautomation.testscripts.Scenario2 -->
