<?xml version="1.0" encoding="UTF-8"?>
<!-- Generated by org.testng.reporters.JUnitReportReporter -->
<testsuite skipped="0" hostname="ATMECSINLT-087" name="com.atmecs.konakartautomation.testscripts.Scenario1" tests="1" failures="0" timestamp="07 Oct 2019 11:16:45 GMT" time="9.289" errors="0">
  <testcase name="searchBox" time="9.289" classname="com.atmecs.konakartautomation.testscripts.Scenario1"/>
</testsuite> <!-- com.atmecs.konakartautomation.testscripts.Scenario1 -->
