<?xml version="1.0" encoding="UTF-8"?>
<!-- Generated by org.testng.reporters.JUnitReportReporter -->
<testsuite skipped="0" hostname="ATMECSINLT-087" name="com.atmecs.konakartautomation.testscripts.Scenario2" tests="3" failures="0" timestamp="07 Oct 2019 11:20:54 GMT" time="49.916" errors="0">
  <testcase name="heroImgContent" time="11.240" classname="com.atmecs.konakartautomation.testscripts.Scenario2"/>
  <testcase name="heroImgSortingDateFunctionality" time="19.796" classname="com.atmecs.konakartautomation.testscripts.Scenario2"/>
  <testcase name="heroImgSortingRatingFunctionality" time="18.880" classname="com.atmecs.konakartautomation.testscripts.Scenario2"/>
</testsuite> <!-- com.atmecs.konakartautomation.testscripts.Scenario2 -->
