<?xml version="1.0" encoding="UTF-8"?>
<!-- Generated by org.testng.reporters.JUnitReportReporter -->
<testsuite skipped="0" hostname="ATMECSINLT-087" name="com.atmecs.konakartautomation.testscripts.HeroImageFunctionality" tests="5" failures="0" timestamp="09 Oct 2019 14:34:48 GMT" time="40.493" errors="0">
  <testcase name="heroImageSelect" time="4.740" classname="com.atmecs.konakartautomation.testscripts.HeroImageFunctionality"/>
  <testcase name="heroImgContent" time="0.663" classname="com.atmecs.konakartautomation.testscripts.HeroImageFunctionality"/>
  <testcase name="heroImgContent" time="0.043" classname="com.atmecs.konakartautomation.testscripts.HeroImageFunctionality"/>
  <testcase name="heroImgSortingDateFunctionality" time="15.184" classname="com.atmecs.konakartautomation.testscripts.HeroImageFunctionality"/>
  <testcase name="heroImgSortingRatingFunctionality" time="19.863" classname="com.atmecs.konakartautomation.testscripts.HeroImageFunctionality"/>
</testsuite> <!-- com.atmecs.konakartautomation.testscripts.HeroImageFunctionality -->
