<?xml version="1.0" encoding="UTF-8"?>
<!-- Generated by org.testng.reporters.JUnitReportReporter -->
<testsuite skipped="0" hostname="ATMECSINLT-087" name="com.atmecs.konakartautomation.testscripts.PriceSlideBarFunctionality" tests="4" failures="0" timestamp="09 Oct 2019 14:34:48 GMT" time="30.063" errors="0">
  <testcase name="priceSlideBar" time="6.448" classname="com.atmecs.konakartautomation.testscripts.PriceSlideBarFunctionality"/>
  <testcase name="priceSlideBar" time="6.255" classname="com.atmecs.konakartautomation.testscripts.PriceSlideBarFunctionality"/>
  <testcase name="priceSlideBar" time="7.653" classname="com.atmecs.konakartautomation.testscripts.PriceSlideBarFunctionality"/>
  <testcase name="priceSlideBar" time="9.707" classname="com.atmecs.konakartautomation.testscripts.PriceSlideBarFunctionality"/>
</testsuite> <!-- com.atmecs.konakartautomation.testscripts.PriceSlideBarFunctionality -->
