<?xml version="1.0" encoding="UTF-8"?>
<!-- Generated by org.testng.reporters.JUnitReportReporter -->
<testsuite skipped="0" hostname="ATMECSINLT-087" name="com.atmecs.konakartautomation.testscripts.ComuterPeripheralsFunctionality" tests="4" failures="0" timestamp="09 Oct 2019 14:34:48 GMT" time="6.322" errors="0">
  <testcase name="searchBoxWithoutSearchOption" time="2.676" classname="com.atmecs.konakartautomation.testscripts.ComuterPeripheralsFunctionality"/>
  <testcase name="searchBoxWithSearchOption" time="3.133" classname="com.atmecs.konakartautomation.testscripts.ComuterPeripheralsFunctionality"/>
  <testcase name="productDetailsVerify" time="0.235" classname="com.atmecs.konakartautomation.testscripts.ComuterPeripheralsFunctionality"/>
  <testcase name="productDetailsVerify" time="0.278" classname="com.atmecs.konakartautomation.testscripts.ComuterPeripheralsFunctionality"/>
</testsuite> <!-- com.atmecs.konakartautomation.testscripts.ComuterPeripheralsFunctionality -->
